[2021-10-26 09:02:22:094][] DistributionService is initialized.
miaps.distributor.root=C:/cj_project/workspace_mobile/.metadata/.plugins/org.eclipse.wst.server.core/tmp0/wtpwebapps/cj_dtp_mobile/player
webapp.distributor.root=C:/cj_project/workspace_mobile/.metadata/.plugins/org.eclipse.wst.server.core/tmp0/wtpwebapps/cj_dtp_mobile/webapp
miaps.distributor.mode=file
miaps.distributor.user=miaps
miaps.distributor.password=miaps
webapp.download.encrypt=true
webapp.download.encrypt.ext=html,htm,js,css,txt
webapp.download.encrypt.type=defaes128
webapp.distributor.dir.separation.mode.yn=Y
webapp.resource.info.file.version=1.0
webapp.update.resource.mode=default
webapp.update.resource.use.yn=Y
webapp.onesvc.buffer.size=65536 []
[2021-10-26 09:37:25:947][] DistributionService is initialized.
miaps.distributor.root=C:/cj_project/workspace_mobile/.metadata/.plugins/org.eclipse.wst.server.core/tmp0/wtpwebapps/cj_dtp_mobile/player
webapp.distributor.root=C:/cj_project/workspace_mobile/.metadata/.plugins/org.eclipse.wst.server.core/tmp0/wtpwebapps/cj_dtp_mobile/webapp
miaps.distributor.mode=file
miaps.distributor.user=miaps
miaps.distributor.password=miaps
webapp.download.encrypt=true
webapp.download.encrypt.ext=html,htm,js,css,txt
webapp.download.encrypt.type=defaes128
webapp.distributor.dir.separation.mode.yn=Y
webapp.resource.info.file.version=1.0
webapp.update.resource.mode=default
webapp.update.resource.use.yn=Y
webapp.onesvc.buffer.size=65536 []
[2021-10-26 09:44:37:081][] DistributionService is initialized.
miaps.distributor.root=C:/cj_project/workspace_mobile/.metadata/.plugins/org.eclipse.wst.server.core/tmp0/wtpwebapps/cj_dtp_mobile/player
webapp.distributor.root=C:/cj_project/workspace_mobile/.metadata/.plugins/org.eclipse.wst.server.core/tmp0/wtpwebapps/cj_dtp_mobile/webapp
miaps.distributor.mode=file
miaps.distributor.user=miaps
miaps.distributor.password=miaps
webapp.download.encrypt=true
webapp.download.encrypt.ext=html,htm,js,css,txt
webapp.download.encrypt.type=defaes128
webapp.distributor.dir.separation.mode.yn=Y
webapp.resource.info.file.version=1.0
webapp.update.resource.mode=default
webapp.update.resource.use.yn=Y
webapp.onesvc.buffer.size=65536 []
[2021-10-26 09:50:29:144][] DistributionService is initialized.
miaps.distributor.root=C:/cj_project/workspace_mobile/.metadata/.plugins/org.eclipse.wst.server.core/tmp0/wtpwebapps/cj_dtp_mobile/player
webapp.distributor.root=C:/cj_project/workspace_mobile/.metadata/.plugins/org.eclipse.wst.server.core/tmp0/wtpwebapps/cj_dtp_mobile/webapp
miaps.distributor.mode=file
miaps.distributor.user=miaps
miaps.distributor.password=miaps
webapp.download.encrypt=true
webapp.download.encrypt.ext=html,htm,js,css,txt
webapp.download.encrypt.type=defaes128
webapp.distributor.dir.separation.mode.yn=Y
webapp.resource.info.file.version=1.0
webapp.update.resource.mode=default
webapp.update.resource.use.yn=Y
webapp.onesvc.buffer.size=65536 []
[2021-10-26 09:52:59:250][] DistributionService is initialized.
miaps.distributor.root=C:/cj_project/workspace_mobile/.metadata/.plugins/org.eclipse.wst.server.core/tmp0/wtpwebapps/cj_dtp_mobile/player
webapp.distributor.root=C:/cj_project/workspace_mobile/.metadata/.plugins/org.eclipse.wst.server.core/tmp0/wtpwebapps/cj_dtp_mobile/webapp
miaps.distributor.mode=file
miaps.distributor.user=miaps
miaps.distributor.password=miaps
webapp.download.encrypt=true
webapp.download.encrypt.ext=html,htm,js,css,txt
webapp.download.encrypt.type=defaes128
webapp.distributor.dir.separation.mode.yn=Y
webapp.resource.info.file.version=1.0
webapp.update.resource.mode=default
webapp.update.resource.use.yn=Y
webapp.onesvc.buffer.size=65536 []
[2021-10-26 10:29:55:977][] DistributionService is initialized.
miaps.distributor.root=C:/cj_project/workspace_mobile/.metadata/.plugins/org.eclipse.wst.server.core/tmp0/wtpwebapps/cj_dtp_mobile/player
webapp.distributor.root=C:/cj_project/workspace_mobile/.metadata/.plugins/org.eclipse.wst.server.core/tmp0/wtpwebapps/cj_dtp_mobile/webapp
miaps.distributor.mode=file
miaps.distributor.user=miaps
miaps.distributor.password=miaps
webapp.download.encrypt=true
webapp.download.encrypt.ext=html,htm,js,css,txt
webapp.download.encrypt.type=defaes128
webapp.distributor.dir.separation.mode.yn=Y
webapp.resource.info.file.version=1.0
webapp.update.resource.mode=default
webapp.update.resource.use.yn=Y
webapp.onesvc.buffer.size=65536 []
[2021-10-26 10:33:14:837][] DistributionService is initialized.
miaps.distributor.root=C:/cj_project/workspace_mobile/.metadata/.plugins/org.eclipse.wst.server.core/tmp0/wtpwebapps/cj_dtp_mobile/player
webapp.distributor.root=C:/cj_project/workspace_mobile/.metadata/.plugins/org.eclipse.wst.server.core/tmp0/wtpwebapps/cj_dtp_mobile/webapp
miaps.distributor.mode=file
miaps.distributor.user=miaps
miaps.distributor.password=miaps
webapp.download.encrypt=true
webapp.download.encrypt.ext=html,htm,js,css,txt
webapp.download.encrypt.type=defaes128
webapp.distributor.dir.separation.mode.yn=Y
webapp.resource.info.file.version=1.0
webapp.update.resource.mode=default
webapp.update.resource.use.yn=Y
webapp.onesvc.buffer.size=65536 []
[2021-10-26 10:34:37:864][] DistributionService is initialized.
miaps.distributor.root=C:/cj_project/workspace_mobile/.metadata/.plugins/org.eclipse.wst.server.core/tmp0/wtpwebapps/cj_dtp_mobile/player
webapp.distributor.root=C:/cj_project/workspace_mobile/.metadata/.plugins/org.eclipse.wst.server.core/tmp0/wtpwebapps/cj_dtp_mobile/webapp
miaps.distributor.mode=file
miaps.distributor.user=miaps
miaps.distributor.password=miaps
webapp.download.encrypt=true
webapp.download.encrypt.ext=html,htm,js,css,txt
webapp.download.encrypt.type=defaes128
webapp.distributor.dir.separation.mode.yn=Y
webapp.resource.info.file.version=1.0
webapp.update.resource.mode=default
webapp.update.resource.use.yn=Y
webapp.onesvc.buffer.size=65536 []
[2021-10-26 10:52:48:541][] DistributionService is initialized.
miaps.distributor.root=C:/cj_project/workspace_mobile/.metadata/.plugins/org.eclipse.wst.server.core/tmp0/wtpwebapps/cj_dtp_mobile/player
webapp.distributor.root=C:/cj_project/workspace_mobile/.metadata/.plugins/org.eclipse.wst.server.core/tmp0/wtpwebapps/cj_dtp_mobile/webapp
miaps.distributor.mode=file
miaps.distributor.user=miaps
miaps.distributor.password=miaps
webapp.download.encrypt=true
webapp.download.encrypt.ext=html,htm,js,css,txt
webapp.download.encrypt.type=defaes128
webapp.distributor.dir.separation.mode.yn=Y
webapp.resource.info.file.version=1.0
webapp.update.resource.mode=default
webapp.update.resource.use.yn=Y
webapp.onesvc.buffer.size=65536 []
[2021-10-26 11:03:20:615][] DistributionService is initialized.
miaps.distributor.root=C:/cj_project/workspace_mobile/.metadata/.plugins/org.eclipse.wst.server.core/tmp0/wtpwebapps/cj_dtp_mobile/player
webapp.distributor.root=C:/cj_project/workspace_mobile/.metadata/.plugins/org.eclipse.wst.server.core/tmp0/wtpwebapps/cj_dtp_mobile/webapp
miaps.distributor.mode=file
miaps.distributor.user=miaps
miaps.distributor.password=miaps
webapp.download.encrypt=true
webapp.download.encrypt.ext=html,htm,js,css,txt
webapp.download.encrypt.type=defaes128
webapp.distributor.dir.separation.mode.yn=Y
webapp.resource.info.file.version=1.0
webapp.update.resource.mode=default
webapp.update.resource.use.yn=Y
webapp.onesvc.buffer.size=65536 []
[2021-10-26 11:06:51:278][] DistributionService is initialized.
miaps.distributor.root=C:/cj_project/workspace_mobile/.metadata/.plugins/org.eclipse.wst.server.core/tmp0/wtpwebapps/cj_dtp_mobile/player
webapp.distributor.root=C:/cj_project/workspace_mobile/.metadata/.plugins/org.eclipse.wst.server.core/tmp0/wtpwebapps/cj_dtp_mobile/webapp
miaps.distributor.mode=file
miaps.distributor.user=miaps
miaps.distributor.password=miaps
webapp.download.encrypt=true
webapp.download.encrypt.ext=html,htm,js,css,txt
webapp.download.encrypt.type=defaes128
webapp.distributor.dir.separation.mode.yn=Y
webapp.resource.info.file.version=1.0
webapp.update.resource.mode=default
webapp.update.resource.use.yn=Y
webapp.onesvc.buffer.size=65536 []
[2021-10-26 11:09:09:168][] DistributionService is initialized.
miaps.distributor.root=C:/cj_project/workspace_mobile/.metadata/.plugins/org.eclipse.wst.server.core/tmp0/wtpwebapps/cj_dtp_mobile/player
webapp.distributor.root=C:/cj_project/workspace_mobile/.metadata/.plugins/org.eclipse.wst.server.core/tmp0/wtpwebapps/cj_dtp_mobile/webapp
miaps.distributor.mode=file
miaps.distributor.user=miaps
miaps.distributor.password=miaps
webapp.download.encrypt=true
webapp.download.encrypt.ext=html,htm,js,css,txt
webapp.download.encrypt.type=defaes128
webapp.distributor.dir.separation.mode.yn=Y
webapp.resource.info.file.version=1.0
webapp.update.resource.mode=default
webapp.update.resource.use.yn=Y
webapp.onesvc.buffer.size=65536 []
[2021-10-27 15:04:01:524][] DistributionService is initialized.
miaps.distributor.root=C:/cj_project/workspace_xhome/.metadata/.plugins/org.eclipse.wst.server.core/tmp0/wtpwebapps/cj_mdtp_car/player
webapp.distributor.root=C:/cj_project/workspace_xhome/.metadata/.plugins/org.eclipse.wst.server.core/tmp0/wtpwebapps/cj_mdtp_car/webapp
miaps.distributor.mode=file
miaps.distributor.user=miaps
miaps.distributor.password=miaps
webapp.download.encrypt=true
webapp.download.encrypt.ext=html,htm,js,css,txt
webapp.download.encrypt.type=defaes128
webapp.distributor.dir.separation.mode.yn=Y
webapp.resource.info.file.version=1.0
webapp.update.resource.mode=default
webapp.update.resource.use.yn=Y
webapp.onesvc.buffer.size=65536 []
[2021-10-27 15:05:17:458][] DistributionService is initialized.
miaps.distributor.root=C:/cj_project/workspace_xhome/.metadata/.plugins/org.eclipse.wst.server.core/tmp0/wtpwebapps/cj_mdtp_car/player
webapp.distributor.root=C:/cj_project/workspace_xhome/.metadata/.plugins/org.eclipse.wst.server.core/tmp0/wtpwebapps/cj_mdtp_car/webapp
miaps.distributor.mode=file
miaps.distributor.user=miaps
miaps.distributor.password=miaps
webapp.download.encrypt=true
webapp.download.encrypt.ext=html,htm,js,css,txt
webapp.download.encrypt.type=defaes128
webapp.distributor.dir.separation.mode.yn=Y
webapp.resource.info.file.version=1.0
webapp.update.resource.mode=default
webapp.update.resource.use.yn=Y
webapp.onesvc.buffer.size=65536 []
[2021-10-27 15:20:46:013][] DistributionService is initialized.
miaps.distributor.root=C:/cj_project/workspace_xhome/.metadata/.plugins/org.eclipse.wst.server.core/tmp0/wtpwebapps/cj_mdtp_car/player
webapp.distributor.root=C:/cj_project/workspace_xhome/.metadata/.plugins/org.eclipse.wst.server.core/tmp0/wtpwebapps/cj_mdtp_car/webapp
miaps.distributor.mode=file
miaps.distributor.user=miaps
miaps.distributor.password=miaps
webapp.download.encrypt=true
webapp.download.encrypt.ext=html,htm,js,css,txt
webapp.download.encrypt.type=defaes128
webapp.distributor.dir.separation.mode.yn=Y
webapp.resource.info.file.version=1.0
webapp.update.resource.mode=default
webapp.update.resource.use.yn=Y
webapp.onesvc.buffer.size=65536 []
[2021-10-27 15:23:54:844][] DistributionService is initialized.
miaps.distributor.root=C:/cj_project/workspace_xhome/.metadata/.plugins/org.eclipse.wst.server.core/tmp0/wtpwebapps/cj_mdtp_car/player
webapp.distributor.root=C:/cj_project/workspace_xhome/.metadata/.plugins/org.eclipse.wst.server.core/tmp0/wtpwebapps/cj_mdtp_car/webapp
miaps.distributor.mode=file
miaps.distributor.user=miaps
miaps.distributor.password=miaps
webapp.download.encrypt=true
webapp.download.encrypt.ext=html,htm,js,css,txt
webapp.download.encrypt.type=defaes128
webapp.distributor.dir.separation.mode.yn=Y
webapp.resource.info.file.version=1.0
webapp.update.resource.mode=default
webapp.update.resource.use.yn=Y
webapp.onesvc.buffer.size=65536 []
[2021-10-27 15:33:30:210][] DistributionService is initialized.
miaps.distributor.root=C:/cj_project/workspace_xhome/.metadata/.plugins/org.eclipse.wst.server.core/tmp0/wtpwebapps/cj_mdtp_car/player
webapp.distributor.root=C:/cj_project/workspace_xhome/.metadata/.plugins/org.eclipse.wst.server.core/tmp0/wtpwebapps/cj_mdtp_car/webapp
miaps.distributor.mode=file
miaps.distributor.user=miaps
miaps.distributor.password=miaps
webapp.download.encrypt=true
webapp.download.encrypt.ext=html,htm,js,css,txt
webapp.download.encrypt.type=defaes128
webapp.distributor.dir.separation.mode.yn=Y
webapp.resource.info.file.version=1.0
webapp.update.resource.mode=default
webapp.update.resource.use.yn=Y
webapp.onesvc.buffer.size=65536 []
[2021-10-27 15:35:34:675][] DistributionService is initialized.
miaps.distributor.root=C:/cj_project/workspace_xhome/.metadata/.plugins/org.eclipse.wst.server.core/tmp0/wtpwebapps/cj_mdtp_car/player
webapp.distributor.root=C:/cj_project/workspace_xhome/.metadata/.plugins/org.eclipse.wst.server.core/tmp0/wtpwebapps/cj_mdtp_car/webapp
miaps.distributor.mode=file
miaps.distributor.user=miaps
miaps.distributor.password=miaps
webapp.download.encrypt=true
webapp.download.encrypt.ext=html,htm,js,css,txt
webapp.download.encrypt.type=defaes128
webapp.distributor.dir.separation.mode.yn=Y
webapp.resource.info.file.version=1.0
webapp.update.resource.mode=default
webapp.update.resource.use.yn=Y
webapp.onesvc.buffer.size=65536 []
[2021-10-27 15:40:41:728][] DistributionService is initialized.
miaps.distributor.root=C:/cj_project/workspace_xhome/.metadata/.plugins/org.eclipse.wst.server.core/tmp0/wtpwebapps/cj_mdtp_car/player
webapp.distributor.root=C:/cj_project/workspace_xhome/.metadata/.plugins/org.eclipse.wst.server.core/tmp0/wtpwebapps/cj_mdtp_car/webapp
miaps.distributor.mode=file
miaps.distributor.user=miaps
miaps.distributor.password=miaps
webapp.download.encrypt=true
webapp.download.encrypt.ext=html,htm,js,css,txt
webapp.download.encrypt.type=defaes128
webapp.distributor.dir.separation.mode.yn=Y
webapp.resource.info.file.version=1.0
webapp.update.resource.mode=default
webapp.update.resource.use.yn=Y
webapp.onesvc.buffer.size=65536 []
[2021-10-27 15:44:00:561][] DistributionService is initialized.
miaps.distributor.root=C:/cj_project/workspace_xhome/.metadata/.plugins/org.eclipse.wst.server.core/tmp0/wtpwebapps/cj_mdtp_car/player
webapp.distributor.root=C:/cj_project/workspace_xhome/.metadata/.plugins/org.eclipse.wst.server.core/tmp0/wtpwebapps/cj_mdtp_car/webapp
miaps.distributor.mode=file
miaps.distributor.user=miaps
miaps.distributor.password=miaps
webapp.download.encrypt=true
webapp.download.encrypt.ext=html,htm,js,css,txt
webapp.download.encrypt.type=defaes128
webapp.distributor.dir.separation.mode.yn=Y
webapp.resource.info.file.version=1.0
webapp.update.resource.mode=default
webapp.update.resource.use.yn=Y
webapp.onesvc.buffer.size=65536 []
[2021-10-27 15:53:09:908][] DistributionService is initialized.
miaps.distributor.root=C:/cj_project/workspace_xhome/.metadata/.plugins/org.eclipse.wst.server.core/tmp0/wtpwebapps/cj_mdtp_car/player
webapp.distributor.root=C:/cj_project/workspace_xhome/.metadata/.plugins/org.eclipse.wst.server.core/tmp0/wtpwebapps/cj_mdtp_car/webapp
miaps.distributor.mode=file
miaps.distributor.user=miaps
miaps.distributor.password=miaps
webapp.download.encrypt=true
webapp.download.encrypt.ext=html,htm,js,css,txt
webapp.download.encrypt.type=defaes128
webapp.distributor.dir.separation.mode.yn=Y
webapp.resource.info.file.version=1.0
webapp.update.resource.mode=default
webapp.update.resource.use.yn=Y
webapp.onesvc.buffer.size=65536 []
[2021-10-27 15:53:54:145][] DistributionService is initialized.
miaps.distributor.root=C:/cj_project/workspace_xhome/.metadata/.plugins/org.eclipse.wst.server.core/tmp0/wtpwebapps/cj_mdtp_car/player
webapp.distributor.root=C:/cj_project/workspace_xhome/.metadata/.plugins/org.eclipse.wst.server.core/tmp0/wtpwebapps/cj_mdtp_car/webapp
miaps.distributor.mode=file
miaps.distributor.user=miaps
miaps.distributor.password=miaps
webapp.download.encrypt=true
webapp.download.encrypt.ext=html,htm,js,css,txt
webapp.download.encrypt.type=defaes128
webapp.distributor.dir.separation.mode.yn=Y
webapp.resource.info.file.version=1.0
webapp.update.resource.mode=default
webapp.update.resource.use.yn=Y
webapp.onesvc.buffer.size=65536 []
[2021-10-27 15:59:46:687][] DistributionService is initialized.
miaps.distributor.root=C:/cj_project/workspace_xhome/.metadata/.plugins/org.eclipse.wst.server.core/tmp0/wtpwebapps/cj_mdtp_car/player
webapp.distributor.root=C:/cj_project/workspace_xhome/.metadata/.plugins/org.eclipse.wst.server.core/tmp0/wtpwebapps/cj_mdtp_car/webapp
miaps.distributor.mode=file
miaps.distributor.user=miaps
miaps.distributor.password=miaps
webapp.download.encrypt=true
webapp.download.encrypt.ext=html,htm,js,css,txt
webapp.download.encrypt.type=defaes128
webapp.distributor.dir.separation.mode.yn=Y
webapp.resource.info.file.version=1.0
webapp.update.resource.mode=default
webapp.update.resource.use.yn=Y
webapp.onesvc.buffer.size=65536 []
[2021-10-27 16:03:08:777][] DistributionService is initialized.
miaps.distributor.root=C:/cj_project/workspace_xhome/.metadata/.plugins/org.eclipse.wst.server.core/tmp0/wtpwebapps/cj_mdtp_car/player
webapp.distributor.root=C:/cj_project/workspace_xhome/.metadata/.plugins/org.eclipse.wst.server.core/tmp0/wtpwebapps/cj_mdtp_car/webapp
miaps.distributor.mode=file
miaps.distributor.user=miaps
miaps.distributor.password=miaps
webapp.download.encrypt=true
webapp.download.encrypt.ext=html,htm,js,css,txt
webapp.download.encrypt.type=defaes128
webapp.distributor.dir.separation.mode.yn=Y
webapp.resource.info.file.version=1.0
webapp.update.resource.mode=default
webapp.update.resource.use.yn=Y
webapp.onesvc.buffer.size=65536 []
