[2021-10-27 10:25:28:226][] DistributionService is initialized.
miaps.distributor.root=C:/cj_project/workspace_mobile_order/.metadata/.plugins/org.eclipse.wst.server.core/tmp0/wtpwebapps/cj_mdtp_order/player
webapp.distributor.root=C:/cj_project/workspace_mobile_order/.metadata/.plugins/org.eclipse.wst.server.core/tmp0/wtpwebapps/cj_mdtp_order/webapp
miaps.distributor.mode=file
miaps.distributor.user=miaps
miaps.distributor.password=miaps
webapp.download.encrypt=true
webapp.download.encrypt.ext=html,htm,js,css,txt
webapp.download.encrypt.type=defaes128
webapp.distributor.dir.separation.mode.yn=Y
webapp.resource.info.file.version=1.0
webapp.update.resource.mode=default
webapp.update.resource.use.yn=Y
webapp.onesvc.buffer.size=65536 []
[2021-10-27 11:03:04:818][] DistributionService is initialized.
miaps.distributor.root=C:/cj_project/workspace_mobile_order/.metadata/.plugins/org.eclipse.wst.server.core/tmp0/wtpwebapps/cj_mdtp_order/player
webapp.distributor.root=C:/cj_project/workspace_mobile_order/.metadata/.plugins/org.eclipse.wst.server.core/tmp0/wtpwebapps/cj_mdtp_order/webapp
miaps.distributor.mode=file
miaps.distributor.user=miaps
miaps.distributor.password=miaps
webapp.download.encrypt=true
webapp.download.encrypt.ext=html,htm,js,css,txt
webapp.download.encrypt.type=defaes128
webapp.distributor.dir.separation.mode.yn=Y
webapp.resource.info.file.version=1.0
webapp.update.resource.mode=default
webapp.update.resource.use.yn=Y
webapp.onesvc.buffer.size=65536 []
[2021-10-27 11:08:45:921][] DistributionService is initialized.
miaps.distributor.root=C:/cj_project/workspace_mobile_order/.metadata/.plugins/org.eclipse.wst.server.core/tmp0/wtpwebapps/cj_mdtp_order/player
webapp.distributor.root=C:/cj_project/workspace_mobile_order/.metadata/.plugins/org.eclipse.wst.server.core/tmp0/wtpwebapps/cj_mdtp_order/webapp
miaps.distributor.mode=file
miaps.distributor.user=miaps
miaps.distributor.password=miaps
webapp.download.encrypt=true
webapp.download.encrypt.ext=html,htm,js,css,txt
webapp.download.encrypt.type=defaes128
webapp.distributor.dir.separation.mode.yn=Y
webapp.resource.info.file.version=1.0
webapp.update.resource.mode=default
webapp.update.resource.use.yn=Y
webapp.onesvc.buffer.size=65536 []
[2021-10-27 11:17:00:045][] DistributionService is initialized.
miaps.distributor.root=C:/cj_project/workspace_mobile_order/.metadata/.plugins/org.eclipse.wst.server.core/tmp0/wtpwebapps/cj_mdtp_order/player
webapp.distributor.root=C:/cj_project/workspace_mobile_order/.metadata/.plugins/org.eclipse.wst.server.core/tmp0/wtpwebapps/cj_mdtp_order/webapp
miaps.distributor.mode=file
miaps.distributor.user=miaps
miaps.distributor.password=miaps
webapp.download.encrypt=true
webapp.download.encrypt.ext=html,htm,js,css,txt
webapp.download.encrypt.type=defaes128
webapp.distributor.dir.separation.mode.yn=Y
webapp.resource.info.file.version=1.0
webapp.update.resource.mode=default
webapp.update.resource.use.yn=Y
webapp.onesvc.buffer.size=65536 []
[2021-10-27 11:17:48:347][] DistributionService is initialized.
miaps.distributor.root=C:/cj_project/workspace_mobile_order/.metadata/.plugins/org.eclipse.wst.server.core/tmp0/wtpwebapps/cj_mdtp_order/player
webapp.distributor.root=C:/cj_project/workspace_mobile_order/.metadata/.plugins/org.eclipse.wst.server.core/tmp0/wtpwebapps/cj_mdtp_order/webapp
miaps.distributor.mode=file
miaps.distributor.user=miaps
miaps.distributor.password=miaps
webapp.download.encrypt=true
webapp.download.encrypt.ext=html,htm,js,css,txt
webapp.download.encrypt.type=defaes128
webapp.distributor.dir.separation.mode.yn=Y
webapp.resource.info.file.version=1.0
webapp.update.resource.mode=default
webapp.update.resource.use.yn=Y
webapp.onesvc.buffer.size=65536 []
[2021-10-27 12:57:31:527][] DistributionService is initialized.
miaps.distributor.root=C:/cj_project/workspace_mobile_order/.metadata/.plugins/org.eclipse.wst.server.core/tmp0/wtpwebapps/cj_mdtp_order/player
webapp.distributor.root=C:/cj_project/workspace_mobile_order/.metadata/.plugins/org.eclipse.wst.server.core/tmp0/wtpwebapps/cj_mdtp_order/webapp
miaps.distributor.mode=file
miaps.distributor.user=miaps
miaps.distributor.password=miaps
webapp.download.encrypt=true
webapp.download.encrypt.ext=html,htm,js,css,txt
webapp.download.encrypt.type=defaes128
webapp.distributor.dir.separation.mode.yn=Y
webapp.resource.info.file.version=1.0
webapp.update.resource.mode=default
webapp.update.resource.use.yn=Y
webapp.onesvc.buffer.size=65536 []
